<?xml version="1.0" encoding="UTF-8"?>
<!-- Generated by org.testng.reporters.JUnitReportReporter -->
<testsuite hostname="LAPTOP-JJ6NIKT4" failures="0" tests="3" name="com.sgtesting.tests.Assignment1" time="3.430" errors="0" timestamp="2024-10-26T00:12:46 IST" skipped="0">
  <testcase classname="com.sgtesting.tests.Assignment1" name="createemployee" time="3.317"/>
  <testcase classname="com.sgtesting.tests.Assignment1" name="displayemployee" time="0.063"/>
  <testcase classname="com.sgtesting.tests.Assignment1" name="deleteEmployee" time="0.050"/>
</testsuite> <!-- com.sgtesting.tests.Assignment1 -->
