<?xml version="1.0" encoding="UTF-8"?>
<!-- Generated by org.testng.reporters.JUnitReportReporter -->
<testsuite hostname="LAPTOP-JJ6NIKT4" failures="0" tests="3" name="com.sgtesting.tests.Assignment1" time="3.746" errors="0" timestamp="2024-10-30T22:35:21 IST" skipped="0">
  <testcase classname="com.sgtesting.tests.Assignment1" name="createemployee" time="3.519"/>
  <testcase classname="com.sgtesting.tests.Assignment1" name="displayemployee" time="0.133"/>
  <testcase classname="com.sgtesting.tests.Assignment1" name="deleteEmployee" time="0.094"/>
</testsuite> <!-- com.sgtesting.tests.Assignment1 -->
