<?xml version="1.0" encoding="UTF-8"?>
<!-- Generated by org.testng.reporters.JUnitReportReporter -->
<testsuite hostname="LAPTOP-JJ6NIKT4" failures="0" tests="1" name="com.sgtesting.tests.EmployeeDetails" time="2.424" errors="0" timestamp="2024-10-26T00:31:49 IST" skipped="0">
  <testcase classname="com.sgtesting.tests.EmployeeDetails" name="main" time="2.424"/>
</testsuite> <!-- com.sgtesting.tests.EmployeeDetails -->
