<?xml version="1.0" encoding="UTF-8"?>
<!-- Generated by org.testng.reporters.JUnitReportReporter -->
<testsuite hostname="LAPTOP-JJ6NIKT4" failures="0" tests="6" name="com.sgtesting.tests.Assignment2" time="3.119" errors="0" timestamp="2024-10-26T16:58:52 IST" skipped="0">
  <testcase classname="com.sgtesting.tests.Assignment2" name="createemployee1" time="2.893"/>
  <testcase classname="com.sgtesting.tests.Assignment2" name="createemployee2" time="0.073"/>
  <testcase classname="com.sgtesting.tests.Assignment2" name="displayemployee1" time="0.049"/>
  <testcase classname="com.sgtesting.tests.Assignment2" name="displayemployee2" time="0.038"/>
  <testcase classname="com.sgtesting.tests.Assignment2" name="deleteEmployee1" time="0.038"/>
  <testcase classname="com.sgtesting.tests.Assignment2" name="deleteEmployee2" time="0.028"/>
</testsuite> <!-- com.sgtesting.tests.Assignment2 -->
