<?xml version="1.0" encoding="UTF-8"?>
<!-- Generated by org.testng.reporters.JUnitReportReporter -->
<testsuite hostname="LAPTOP-JJ6NIKT4" failures="0" tests="6" name="com.sgtesting.tests.Assignment2" time="2.023" errors="0" timestamp="2024-10-26T23:19:14 IST" skipped="0">
  <testcase classname="com.sgtesting.tests.Assignment2" name="createemployee1" time="1.822"/>
  <testcase classname="com.sgtesting.tests.Assignment2" name="createemployee2" time="0.034"/>
  <testcase classname="com.sgtesting.tests.Assignment2" name="displayemployee1" time="0.067"/>
  <testcase classname="com.sgtesting.tests.Assignment2" name="displayemployee2" time="0.043"/>
  <testcase classname="com.sgtesting.tests.Assignment2" name="deleteEmployee1" time="0.032"/>
  <testcase classname="com.sgtesting.tests.Assignment2" name="deleteEmployee2" time="0.025"/>
</testsuite> <!-- com.sgtesting.tests.Assignment2 -->
